This file contains any messages produced by compilers while
running configure, to aid debugging if configure makes a mistake.

It was created by int_arithmetic configure 0.1, which was
generated by GNU Autoconf 2.63.  Invocation command line was

  $ ./configure 

## --------- ##
## Platform. ##
## --------- ##

hostname = WeiyiGeek
uname -m = i686
uname -r = 2.6.32-696.el6.i686
uname -s = Linux
uname -v = #1 SMP Tue Mar 21 18:53:30 UTC 2017

/usr/bin/uname -p = unknown
/bin/uname -X     = unknown

/bin/arch              = i686
/usr/bin/arch -k       = unknown
/usr/convex/getsysinfo = unknown
/usr/bin/hostinfo      = unknown
/bin/machine           = unknown
/usr/bin/oslevel       = unknown
/bin/universe          = unknown

PATH: /usr/local/sbin
PATH: /usr/local/bin
PATH: /sbin
PATH: /bin
PATH: /usr/sbin
PATH: /usr/bin
PATH: /root/bin


## ----------- ##
## Core tests. ##
## ----------- ##

configure:1872: checking for a BSD-compatible install
configure:1940: result: /usr/bin/install -c
configure:1951: checking whether build environment is sane
configure:2011: result: yes
configure:2152: checking for a thread-safe mkdir -p
configure:2191: result: /bin/mkdir -p
configure:2204: checking for gawk
configure:2220: found /bin/gawk
configure:2231: result: gawk
configure:2242: checking whether make sets $(MAKE)
configure:2264: result: yes
configure:2390: checking for ranlib
configure:2406: found /usr/bin/ranlib
configure:2417: result: ranlib
configure:2491: checking for gcc
configure:2507: found /usr/bin/gcc
configure:2518: result: gcc
configure:2750: checking for C compiler version
configure:2758: gcc --version >&5
gcc (GCC) 4.4.7 20120313 (Red Hat 4.4.7-18)
Copyright (C) 2010 Free Software Foundation, Inc.
This is free software; see the source for copying conditions.  There is NO
warranty; not even for MERCHANTABILITY or FITNESS FOR A PARTICULAR PURPOSE.

configure:2762: $? = 0
configure:2769: gcc -v >&5
Using built-in specs.
Target: i686-redhat-linux
Configured with: ../configure --prefix=/usr --mandir=/usr/share/man --infodir=/usr/share/info --with-bugurl=http://bugzilla.redhat.com/bugzilla --enable-bootstrap --enable-shared --enable-threads=posix --enable-checking=release --with-system-zlib --enable-__cxa_atexit --disable-libunwind-exceptions --enable-gnu-unique-object --enable-languages=c,c++,objc,obj-c++,java,fortran,ada --enable-java-awt=gtk --disable-dssi --with-java-home=/usr/lib/jvm/java-1.5.0-gcj-1.5.0.0/jre --enable-libgcj-multifile --enable-java-maintainer-mode --with-ecj-jar=/usr/share/java/eclipse-ecj.jar --disable-libjava-multilib --with-ppl --with-cloog --with-tune=generic --with-arch=i686 --build=i686-redhat-linux
Thread model: posix
gcc version 4.4.7 20120313 (Red Hat 4.4.7-18) (GCC) 
configure:2773: $? = 0
configure:2780: gcc -V >&5
gcc: '-V' option must have argument
configure:2784: $? = 1
configure:2807: checking for C compiler default output file name
configure:2829: gcc    conftest.c  >&5
configure:2833: $? = 0
configure:2871: result: a.out
configure:2890: checking whether the C compiler works
configure:2900: ./a.out
configure:2904: $? = 0
configure:2923: result: yes
configure:2930: checking whether we are cross compiling
configure:2932: result: no
configure:2935: checking for suffix of executables
configure:2942: gcc -o conftest    conftest.c  >&5
configure:2946: $? = 0
configure:2972: result: 
configure:2978: checking for suffix of object files
configure:3004: gcc -c   conftest.c >&5
configure:3008: $? = 0
configure:3033: result: o
configure:3037: checking whether we are using the GNU C compiler
configure:3066: gcc -c   conftest.c >&5
configure:3073: $? = 0
configure:3090: result: yes
configure:3099: checking whether gcc accepts -g
configure:3129: gcc -c -g  conftest.c >&5
configure:3136: $? = 0
configure:3237: result: yes
configure:3254: checking for gcc option to accept ISO C89
configure:3328: gcc  -c -g -O2  conftest.c >&5
configure:3335: $? = 0
configure:3358: result: none needed
configure:3387: checking for style of include used by make
configure:3415: result: GNU
configure:3440: checking dependency style of gcc
configure:3550: result: gcc3
configure:3573: checking how to run the C preprocessor
configure:3613: gcc -E  conftest.c
configure:3620: $? = 0
configure:3651: gcc -E  conftest.c
conftest.c:10:28: error: ac_nonexistent.h: No such file or directory
configure:3658: $? = 1
configure: failed program was:
| /* confdefs.h.  */
| #define PACKAGE_NAME "int_arithmetic"
| #define PACKAGE_TARNAME "int_arithmetic"
| #define PACKAGE_VERSION "0.1"
| #define PACKAGE_STRING "int_arithmetic 0.1"
| #define PACKAGE_BUGREPORT "ggao@micron.com"
| #define PACKAGE "int_arithmetic"
| #define VERSION "0.1"
| /* end confdefs.h.  */
| #include <ac_nonexistent.h>
configure:3691: result: gcc -E
configure:3720: gcc -E  conftest.c
configure:3727: $? = 0
configure:3758: gcc -E  conftest.c
conftest.c:10:28: error: ac_nonexistent.h: No such file or directory
configure:3765: $? = 1
configure: failed program was:
| /* confdefs.h.  */
| #define PACKAGE_NAME "int_arithmetic"
| #define PACKAGE_TARNAME "int_arithmetic"
| #define PACKAGE_VERSION "0.1"
| #define PACKAGE_STRING "int_arithmetic 0.1"
| #define PACKAGE_BUGREPORT "ggao@micron.com"
| #define PACKAGE "int_arithmetic"
| #define VERSION "0.1"
| /* end confdefs.h.  */
| #include <ac_nonexistent.h>
configure:3805: checking for grep that handles long lines and -e
configure:3865: result: /bin/grep
configure:3870: checking for egrep
configure:3934: result: /bin/grep -E
configure:3939: checking for ANSI C header files
configure:3969: gcc -c -g -O2  conftest.c >&5
configure:3976: $? = 0
configure:4075: gcc -o conftest -g -O2   conftest.c  >&5
configure:4079: $? = 0
configure:4085: ./conftest
configure:4089: $? = 0
configure:4107: result: yes
configure:4131: checking for sys/types.h
configure:4152: gcc -c -g -O2  conftest.c >&5
configure:4159: $? = 0
configure:4176: result: yes
configure:4131: checking for sys/stat.h
configure:4152: gcc -c -g -O2  conftest.c >&5
configure:4159: $? = 0
configure:4176: result: yes
configure:4131: checking for stdlib.h
configure:4152: gcc -c -g -O2  conftest.c >&5
configure:4159: $? = 0
configure:4176: result: yes
configure:4131: checking for string.h
configure:4152: gcc -c -g -O2  conftest.c >&5
configure:4159: $? = 0
configure:4176: result: yes
configure:4131: checking for memory.h
configure:4152: gcc -c -g -O2  conftest.c >&5
configure:4159: $? = 0
configure:4176: result: yes
configure:4131: checking for strings.h
configure:4152: gcc -c -g -O2  conftest.c >&5
configure:4159: $? = 0
configure:4176: result: yes
configure:4131: checking for inttypes.h
configure:4152: gcc -c -g -O2  conftest.c >&5
configure:4159: $? = 0
configure:4176: result: yes
configure:4131: checking for stdint.h
configure:4152: gcc -c -g -O2  conftest.c >&5
configure:4159: $? = 0
configure:4176: result: yes
configure:4131: checking for unistd.h
configure:4152: gcc -c -g -O2  conftest.c >&5
configure:4159: $? = 0
configure:4176: result: yes
configure:4196: checking for stdlib.h
configure:4203: result: yes
configure:4196: checking for unistd.h
configure:4203: result: yes
configure:4470: creating ./config.status

## ---------------------- ##
## Running config.status. ##
## ---------------------- ##

This file was extended by int_arithmetic config.status 0.1, which was
generated by GNU Autoconf 2.63.  Invocation command line was

  CONFIG_FILES    = 
  CONFIG_HEADERS  = 
  CONFIG_LINKS    = 
  CONFIG_COMMANDS = 
  $ ./config.status 

on WeiyiGeek

config.status:775: creating Makefile
config.status:775: creating src/Makefile
config.status:775: creating config.h
config.status:1049: executing depfiles commands

## ---------------- ##
## Cache variables. ##
## ---------------- ##

ac_cv_c_compiler_gnu=yes
ac_cv_env_CC_set=
ac_cv_env_CC_value=
ac_cv_env_CFLAGS_set=
ac_cv_env_CFLAGS_value=
ac_cv_env_CPPFLAGS_set=
ac_cv_env_CPPFLAGS_value=
ac_cv_env_CPP_set=
ac_cv_env_CPP_value=
ac_cv_env_LDFLAGS_set=
ac_cv_env_LDFLAGS_value=
ac_cv_env_LIBS_set=
ac_cv_env_LIBS_value=
ac_cv_env_build_alias_set=
ac_cv_env_build_alias_value=
ac_cv_env_host_alias_set=
ac_cv_env_host_alias_value=
ac_cv_env_target_alias_set=
ac_cv_env_target_alias_value=
ac_cv_header_inttypes_h=yes
ac_cv_header_memory_h=yes
ac_cv_header_stdc=yes
ac_cv_header_stdint_h=yes
ac_cv_header_stdlib_h=yes
ac_cv_header_string_h=yes
ac_cv_header_strings_h=yes
ac_cv_header_sys_stat_h=yes
ac_cv_header_sys_types_h=yes
ac_cv_header_unistd_h=yes
ac_cv_objext=o
ac_cv_path_EGREP='/bin/grep -E'
ac_cv_path_GREP=/bin/grep
ac_cv_path_install='/usr/bin/install -c'
ac_cv_path_mkdir=/bin/mkdir
ac_cv_prog_AWK=gawk
ac_cv_prog_CPP='gcc -E'
ac_cv_prog_ac_ct_CC=gcc
ac_cv_prog_ac_ct_RANLIB=ranlib
ac_cv_prog_cc_c89=
ac_cv_prog_cc_g=yes
ac_cv_prog_make_make_set=yes
am_cv_CC_dependencies_compiler_type=gcc3

## ----------------- ##
## Output variables. ##
## ----------------- ##

ACLOCAL='${SHELL} /root/three/missing --run aclocal-1.11'
AMDEPBACKSLASH='\'
AMDEP_FALSE='#'
AMDEP_TRUE=''
AMTAR='${SHELL} /root/three/missing --run tar'
AUTOCONF='${SHELL} /root/three/missing --run autoconf'
AUTOHEADER='${SHELL} /root/three/missing --run autoheader'
AUTOMAKE='${SHELL} /root/three/missing --run automake-1.11'
AWK='gawk'
CC='gcc'
CCDEPMODE='depmode=gcc3'
CFLAGS='-g -O2'
CPP='gcc -E'
CPPFLAGS=''
CYGPATH_W='echo'
DEFS='-DHAVE_CONFIG_H'
DEPDIR='.deps'
ECHO_C=''
ECHO_N='-n'
ECHO_T=''
EGREP='/bin/grep -E'
EXEEXT=''
GREP='/bin/grep'
INSTALL_DATA='${INSTALL} -m 644'
INSTALL_PROGRAM='${INSTALL}'
INSTALL_SCRIPT='${INSTALL}'
INSTALL_STRIP_PROGRAM='$(install_sh) -c -s'
LDFLAGS=''
LIBOBJS=''
LIBS=''
LTLIBOBJS=''
MAKEINFO='${SHELL} /root/three/missing --run makeinfo'
MKDIR_P='/bin/mkdir -p'
OBJEXT='o'
PACKAGE='int_arithmetic'
PACKAGE_BUGREPORT='ggao@micron.com'
PACKAGE_NAME='int_arithmetic'
PACKAGE_STRING='int_arithmetic 0.1'
PACKAGE_TARNAME='int_arithmetic'
PACKAGE_VERSION='0.1'
PATH_SEPARATOR=':'
RANLIB='ranlib'
SET_MAKE=''
SHELL='/bin/sh'
STRIP=''
VERSION='0.1'
ac_ct_CC='gcc'
am__EXEEXT_FALSE=''
am__EXEEXT_TRUE='#'
am__fastdepCC_FALSE='#'
am__fastdepCC_TRUE=''
am__include='include'
am__isrc=''
am__leading_dot='.'
am__quote=''
am__tar='${AMTAR} chof - "$$tardir"'
am__untar='${AMTAR} xf -'
bindir='${exec_prefix}/bin'
build_alias=''
datadir='${datarootdir}'
datarootdir='${prefix}/share'
docdir='${datarootdir}/doc/${PACKAGE_TARNAME}'
dvidir='${docdir}'
exec_prefix='${prefix}'
host_alias=''
htmldir='${docdir}'
includedir='${prefix}/include'
infodir='${datarootdir}/info'
install_sh='${SHELL} /root/three/install-sh'
libdir='${exec_prefix}/lib'
libexecdir='${exec_prefix}/libexec'
localedir='${datarootdir}/locale'
localstatedir='${prefix}/var'
mandir='${datarootdir}/man'
mkdir_p='/bin/mkdir -p'
oldincludedir='/usr/include'
pdfdir='${docdir}'
prefix='/usr/local'
program_transform_name='s,x,x,'
psdir='${docdir}'
sbindir='${exec_prefix}/sbin'
sharedstatedir='${prefix}/com'
sysconfdir='${prefix}/etc'
target_alias=''

## ----------- ##
## confdefs.h. ##
## ----------- ##

#define PACKAGE_NAME "int_arithmetic"
#define PACKAGE_TARNAME "int_arithmetic"
#define PACKAGE_VERSION "0.1"
#define PACKAGE_STRING "int_arithmetic 0.1"
#define PACKAGE_BUGREPORT "ggao@micron.com"
#define PACKAGE "int_arithmetic"
#define VERSION "0.1"
#define STDC_HEADERS 1
#define HAVE_SYS_TYPES_H 1
#define HAVE_SYS_STAT_H 1
#define HAVE_STDLIB_H 1
#define HAVE_STRING_H 1
#define HAVE_MEMORY_H 1
#define HAVE_STRINGS_H 1
#define HAVE_INTTYPES_H 1
#define HAVE_STDINT_H 1
#define HAVE_UNISTD_H 1
#define HAVE_STDLIB_H 1
#define HAVE_UNISTD_H 1

configure: exit 0
